2025-02-12 11:36:00 | WARN | repo=pv243-a4m36jee-2016-security-seminar | action=commit
2025-04-24 21:25:00 | WARN | repo=pv243-a4m36jee-2016-security-seminar | action=edit | files=4
2025-11-20 18:17:00 | INFO | repo=pv243-a4m36jee-2016-security-seminar | action=commit
2025-01-28 07:50:00 | WARN | repo=pv243-a4m36jee-2016-security-seminar | action=commit
2025-10-26 10:17:00 | INFO | repo=pv243-a4m36jee-2016-security-seminar | action=test | passed=true
2025-07-03 07:37:00 | DEBUG | repo=pv243-a4m36jee-2016-security-seminar | action=commit
2025-08-24 19:05:00 | DEBUG | repo=pv243-a4m36jee-2016-security-seminar | action=commit
2025-10-28 16:49:00 | WARN | repo=pv243-a4m36jee-2016-security-seminar | action=test | passed=true
2025-10-21 16:08:00 | INFO | repo=pv243-a4m36jee-2016-security-seminar | action=commit
2025-07-12 09:47:00 | WARN | repo=pv243-a4m36jee-2016-security-seminar | action=commit
2025-03-15 08:15:00 | DEBUG | repo=pv243-a4m36jee-2016-security-seminar | action=edit | files=5
2025-01-11 16:15:00 | DEBUG | repo=pv243-a4m36jee-2016-security-seminar | action=commit
2025-03-28 07:32:00 | INFO | repo=pv243-a4m36jee-2016-security-seminar | action=commit
2025-06-06 21:36:00 | INFO | repo=pv243-a4m36jee-2016-security-seminar | action=commit
2025-12-10 07:37:00 | INFO | repo=pv243-a4m36jee-2016-security-seminar | action=edit | files=5
2025-02-01 12:56:00 | INFO | repo=pv243-a4m36jee-2016-security-seminar | action=commit
2025-01-04 16:49:00 | WARN | repo=pv243-a4m36jee-2016-security-seminar | action=commit
2025-01-10 17:55:00 | DEBUG | repo=pv243-a4m36jee-2016-security-seminar | action=commit
2025-02-07 20:20:00 | WARN | repo=pv243-a4m36jee-2016-security-seminar | action=commit
2025-11-05 07:17:00 | INFO | repo=pv243-a4m36jee-2016-security-seminar | action=commit
2025-02-28 15:23:00 | WARN | repo=pv243-a4m36jee-2016-security-seminar | action=test | passed=true
2025-09-20 13:20:00 | WARN | repo=pv243-a4m36jee-2016-security-seminar | action=commit
2025-05-06 18:51:00 | INFO | repo=pv243-a4m36jee-2016-security-seminar | action=commit
2025-04-07 07:09:00 | INFO | repo=pv243-a4m36jee-2016-security-seminar | action=commit
2025-08-07 19:51:00 | WARN | repo=pv243-a4m36jee-2016-security-seminar | action=commit
2025-04-12 20:20:00 | INFO | repo=pv243-a4m36jee-2016-security-seminar | action=commit
2025-12-20 19:34:00 | INFO | repo=pv243-a4m36jee-2016-security-seminar | action=edit | files=4
2025-11-12 19:05:00 | DEBUG | repo=pv243-a4m36jee-2016-security-seminar | action=commit
2025-12-06 11:16:00 | WARN | repo=pv243-a4m36jee-2016-security-seminar | action=commit
2025-04-06 13:19:00 | INFO | repo=pv243-a4m36jee-2016-security-seminar | action=commit
2025-07-16 13:47:00 | WARN | repo=pv243-a4m36jee-2016-security-seminar | action=commit
2025-06-27 08:58:00 | WARN | repo=pv243-a4m36jee-2016-security-seminar | action=commit
2025-05-02 13:11:00 | DEBUG | repo=pv243-a4m36jee-2016-security-seminar | action=pull
2025-06-23 19:44:00 | INFO | repo=pv243-a4m36jee-2016-security-seminar | action=commit
2025-01-04 12:54:00 | DEBUG | repo=pv243-a4m36jee-2016-security-seminar | action=commit
2025-11-13 21:37:00 | INFO | repo=pv243-a4m36jee-2016-security-seminar | action=commit
2025-11-19 08:22:00 | INFO | repo=pv243-a4m36jee-2016-security-seminar | action=commit
2025-02-12 14:22:00 | WARN | repo=pv243-a4m36jee-2016-security-seminar | action=commit
2025-03-11 18:53:00 | DEBUG | repo=pv243-a4m36jee-2016-security-seminar | action=commit
2025-07-25 20:40:00 | WARN | repo=pv243-a4m36jee-2016-security-seminar | action=commit
2025-07-10 09:00:00 | INFO | repo=pv243-a4m36jee-2016-security-seminar | action=commit
2025-07-16 07:30:00 | INFO | repo=pv243-a4m36jee-2016-security-seminar | action=edit | files=2
2025-06-18 20:23:00 | WARN | repo=pv243-a4m36jee-2016-security-seminar | action=commit
2025-06-03 14:36:00 | INFO | repo=pv243-a4m36jee-2016-security-seminar | action=test | passed=true
2025-08-22 19:47:00 | DEBUG | repo=pv243-a4m36jee-2016-security-seminar | action=test | passed=true
2025-05-11 14:30:00 | WARN | repo=pv243-a4m36jee-2016-security-seminar | action=commit
2025-04-16 20:46:00 | INFO | repo=pv243-a4m36jee-2016-security-seminar | action=test | passed=true
2025-03-17 11:46:00 | DEBUG | repo=pv243-a4m36jee-2016-security-seminar | action=commit
2025-09-23 11:21:00 | INFO | repo=pv243-a4m36jee-2016-security-seminar | action=commit
2025-07-16 16:27:00 | WARN | repo=pv243-a4m36jee-2016-security-seminar | action=commit
2025-09-23 12:18:00 | WARN | repo=pv243-a4m36jee-2016-security-seminar | action=commit
2025-08-12 20:57:00 | WARN | repo=pv243-a4m36jee-2016-security-seminar | action=commit
2025-10-05 20:22:00 | INFO | repo=pv243-a4m36jee-2016-security-seminar | action=commit
2025-08-19 14:15:00 | DEBUG | repo=pv243-a4m36jee-2016-security-seminar | action=commit
2025-03-03 20:31:00 | WARN | repo=pv243-a4m36jee-2016-security-seminar | action=commit
2025-11-28 10:01:00 | WARN | repo=pv243-a4m36jee-2016-security-seminar | action=commit
2025-08-21 08:21:00 | DEBUG | repo=pv243-a4m36jee-2016-security-seminar | action=commit
2025-03-02 10:38:00 | DEBUG | repo=pv243-a4m36jee-2016-security-seminar | action=edit | files=2
2025-12-26 12:17:00 | INFO | repo=pv243-a4m36jee-2016-security-seminar | action=pull
2025-12-28 14:46:00 | WARN | repo=pv243-a4m36jee-2016-security-seminar | action=commit
2025-03-22 10:50:00 | DEBUG | repo=pv243-a4m36jee-2016-security-seminar | action=commit
2025-12-15 07:08:00 | DEBUG | repo=pv243-a4m36jee-2016-security-seminar | action=test | passed=true
2025-03-02 11:36:00 | INFO | repo=pv243-a4m36jee-2016-security-seminar | action=pull
2025-04-28 12:11:00 | WARN | repo=pv243-a4m36jee-2016-security-seminar | action=test | passed=true
2025-03-25 08:07:00 | DEBUG | repo=pv243-a4m36jee-2016-security-seminar | action=commit
2025-03-23 07:05:00 | WARN | repo=pv243-a4m36jee-2016-security-seminar | action=edit | files=1
2025-10-18 09:49:00 | INFO | repo=pv243-a4m36jee-2016-security-seminar | action=pull
2025-12-21 10:37:00 | DEBUG | repo=pv243-a4m36jee-2016-security-seminar | action=edit | files=5
2025-01-21 16:12:00 | INFO | repo=pv243-a4m36jee-2016-security-seminar | action=test | passed=true
2025-09-08 18:05:00 | INFO | repo=pv243-a4m36jee-2016-security-seminar | action=pull
2025-03-16 12:55:00 | INFO | repo=pv243-a4m36jee-2016-security-seminar | action=edit | files=3
2025-12-19 21:43:00 | INFO | repo=pv243-a4m36jee-2016-security-seminar | action=edit | files=3
2025-11-14 13:53:00 | DEBUG | repo=pv243-a4m36jee-2016-security-seminar | action=edit | files=5
2025-06-17 14:30:00 | DEBUG | repo=pv243-a4m36jee-2016-security-seminar | action=pull
2025-06-20 08:45:00 | WARN | repo=pv243-a4m36jee-2016-security-seminar | action=commit
2025-05-22 18:30:00 | WARN | repo=pv243-a4m36jee-2016-security-seminar | action=test | passed=true
2025-04-16 18:42:00 | WARN | repo=pv243-a4m36jee-2016-security-seminar | action=pull
2025-05-19 10:32:00 | INFO | repo=pv243-a4m36jee-2016-security-seminar | action=commit
2025-11-05 21:43:00 | WARN | repo=pv243-a4m36jee-2016-security-seminar | action=commit
2025-03-13 08:23:00 | WARN | repo=pv243-a4m36jee-2016-security-seminar | action=commit
2025-09-03 19:57:00 | INFO | repo=pv243-a4m36jee-2016-security-seminar | action=edit | files=5
2025-10-14 07:03:00 | WARN | repo=pv243-a4m36jee-2016-security-seminar | action=test | passed=true
2025-03-23 18:27:00 | WARN | repo=pv243-a4m36jee-2016-security-seminar | action=commit
2025-11-12 18:46:00 | DEBUG | repo=pv243-a4m36jee-2016-security-seminar | action=commit
2025-09-04 14:16:00 | WARN | repo=pv243-a4m36jee-2016-security-seminar | action=commit
2025-07-06 16:05:00 | WARN | repo=pv243-a4m36jee-2016-security-seminar | action=commit
2025-03-13 16:49:00 | INFO | repo=pv243-a4m36jee-2016-security-seminar | action=commit
2025-08-10 18:00:00 | WARN | repo=pv243-a4m36jee-2016-security-seminar | action=commit
2025-04-09 09:19:00 | DEBUG | repo=pv243-a4m36jee-2016-security-seminar | action=commit
2025-08-05 07:17:00 | INFO | repo=pv243-a4m36jee-2016-security-seminar | action=commit
2025-02-16 16:49:00 | INFO | repo=pv243-a4m36jee-2016-security-seminar | action=edit | files=3
2025-09-13 08:51:00 | DEBUG | repo=pv243-a4m36jee-2016-security-seminar | action=commit
2025-04-27 07:32:00 | INFO | repo=pv243-a4m36jee-2016-security-seminar | action=commit
2025-12-17 09:28:00 | DEBUG | repo=pv243-a4m36jee-2016-security-seminar | action=edit | files=5
2025-11-06 19:31:00 | WARN | repo=pv243-a4m36jee-2016-security-seminar | action=commit
2025-04-12 17:31:00 | WARN | repo=pv243-a4m36jee-2016-security-seminar | action=test | passed=true
2025-01-11 07:07:00 | INFO | repo=pv243-a4m36jee-2016-security-seminar | action=commit
2025-01-28 18:14:00 | DEBUG | repo=pv243-a4m36jee-2016-security-seminar | action=commit
2025-12-28 19:19:00 | DEBUG | repo=pv243-a4m36jee-2016-security-seminar | action=pull
2025-10-05 07:11:00 | DEBUG | repo=pv243-a4m36jee-2016-security-seminar | action=test | passed=true
2025-10-18 07:14:00 | WARN | repo=pv243-a4m36jee-2016-security-seminar | action=test | passed=true
2025-09-23 09:09:00 | DEBUG | repo=pv243-a4m36jee-2016-security-seminar | action=edit | files=2
2025-12-11 18:40:00 | WARN | repo=pv243-a4m36jee-2016-security-seminar | action=commit
2025-09-18 13:42:00 | DEBUG | repo=pv243-a4m36jee-2016-security-seminar | action=commit
2025-11-04 19:42:00 | WARN | repo=pv243-a4m36jee-2016-security-seminar | action=edit | files=5
2025-02-25 13:10:00 | DEBUG | repo=pv243-a4m36jee-2016-security-seminar | action=commit
2025-06-03 20:14:00 | DEBUG | repo=pv243-a4m36jee-2016-security-seminar | action=test | passed=true
2025-12-10 15:40:00 | INFO | repo=pv243-a4m36jee-2016-security-seminar | action=commit
2025-01-04 21:04:00 | WARN | repo=pv243-a4m36jee-2016-security-seminar | action=pull
2025-11-28 09:08:00 | WARN | repo=pv243-a4m36jee-2016-security-seminar | action=edit | files=1
2025-02-17 21:09:00 | INFO | repo=pv243-a4m36jee-2016-security-seminar | action=commit
2025-08-16 07:01:00 | WARN | repo=pv243-a4m36jee-2016-security-seminar | action=commit
2025-02-27 09:44:00 | DEBUG | repo=pv243-a4m36jee-2016-security-seminar | action=commit
2025-05-03 19:10:00 | INFO | repo=pv243-a4m36jee-2016-security-seminar | action=test | passed=true
2025-10-01 15:07:00 | WARN | repo=pv243-a4m36jee-2016-security-seminar | action=pull
2025-10-27 20:59:00 | DEBUG | repo=pv243-a4m36jee-2016-security-seminar | action=commit
2025-05-13 20:11:00 | INFO | repo=pv243-a4m36jee-2016-security-seminar | action=commit
2025-11-19 11:31:00 | WARN | repo=pv243-a4m36jee-2016-security-seminar | action=edit | files=1
2025-01-14 18:32:00 | DEBUG | repo=pv243-a4m36jee-2016-security-seminar | action=edit | files=5
2025-07-19 14:22:00 | INFO | repo=pv243-a4m36jee-2016-security-seminar | action=commit
2025-06-17 09:38:00 | INFO | repo=pv243-a4m36jee-2016-security-seminar | action=test | passed=true
2025-06-12 20:51:00 | DEBUG | repo=pv243-a4m36jee-2016-security-seminar | action=commit
2025-11-10 11:36:00 | WARN | repo=pv243-a4m36jee-2016-security-seminar | action=edit | files=1
2025-11-06 19:41:00 | DEBUG | repo=pv243-a4m36jee-2016-security-seminar | action=commit
2025-11-08 14:39:00 | DEBUG | repo=pv243-a4m36jee-2016-security-seminar | action=pull
2025-08-22 11:32:00 | WARN | repo=pv243-a4m36jee-2016-security-seminar | action=test | passed=true
2025-09-02 18:38:00 | WARN | repo=pv243-a4m36jee-2016-security-seminar | action=pull
2025-06-24 19:02:00 | DEBUG | repo=pv243-a4m36jee-2016-security-seminar | action=test | passed=true
2025-08-06 08:09:00 | WARN | repo=pv243-a4m36jee-2016-security-seminar | action=commit
